<?xml version="1.0" encoding="UTF-8"?>
<!-- Generated by org.testng.reporters.JUnitReportReporter -->
<testsuite hostname="DESKTOP-O2O5M5N" failures="0" tests="1" name="com.crm.qa.testcases.LoginPageTest" time="42.535" errors="0" timestamp="30 Jan 2021 12:24:19 GMT">
  <testcase classname="com.crm.qa.testcases.LoginPageTest" name="loginTest" time="42.535"/>
</testsuite> <!-- com.crm.qa.testcases.LoginPageTest -->
