<?xml version="1.0" encoding="UTF-8"?>
<!-- Generated by org.testng.reporters.JUnitReportReporter -->
<testsuite hostname="DESKTOP-O2O5M5N" failures="0" tests="1" name="com.crm.qa.testcases.SearchPageTest" time="38.718" errors="0" timestamp="30 Jan 2021 10:48:09 GMT">
  <testcase classname="com.crm.qa.testcases.SearchPageTest" name="profilePageTest" time="38.718"/>
</testsuite> <!-- com.crm.qa.testcases.SearchPageTest -->
